<test>
  <hello>World</hello>
  <how action="are" target="you" />
</test>